[ 2016-11-23T13:56:48+08:00 ] ::1 /book11-15/index.php/Home/Detail/like.html
INFO: [ app_begin ] --START--
INFO: Run Behavior\ReadHtmlCacheBehavior [ RunTime:0.001000s ]
INFO: [ app_begin ] --END-- [ RunTime:0.001000s ]
SQL: SHOW COLUMNS FROM `bk_discuss` [ RunTime:0.0340s ]
SQL: SELECT `likenum` FROM `bk_discuss` WHERE ( id=0 ) LIMIT 1   [ RunTime:0.0010s ]
SQL: UPDATE `bk_discuss` SET `likenum`='1' WHERE ( id=0 ) [ RunTime:0.0090s ]
SQL: SHOW COLUMNS FROM `bk_like` [ RunTime:0.0020s ]
SQL: INSERT INTO `bk_like` (`book_id`,`user_id`,`discuss_id`) VALUES ('0','1','0') [ RunTime:0.0490s ]
INFO: [ app_end ] --START--
INFO: Run Behavior\ShowPageTraceBehavior [ RunTime:0.001000s ]
INFO: [ app_end ] --END-- [ RunTime:0.001000s ]

[ 2016-11-23T19:26:46+08:00 ] ::1 /book11-15/index.php/Home/Reg/regname?name=123
INFO: [ app_begin ] --START--
INFO: Run Behavior\ReadHtmlCacheBehavior [ RunTime:0.001000s ]
INFO: [ app_begin ] --END-- [ RunTime:0.001000s ]
SQL: SHOW COLUMNS FROM `bk_user` [ RunTime:0.0330s ]
SQL: SELECT * FROM `bk_user` WHERE `username` = '123'  [ RunTime:0.0270s ]
INFO: [ app_end ] --START--
INFO: Run Behavior\ShowPageTraceBehavior [ RunTime:0.003000s ]
INFO: [ app_end ] --END-- [ RunTime:0.003000s ]

[ 2016-11-23T20:03:33+08:00 ] ::1 /book11-15/index.php/home/index/getWeather
ERR: Class 'Common\Util\ResultApi' not found

[ 2016-11-23T20:04:49+08:00 ] ::1 /book11-15/index.php/home/index/getWeather
ERR: 模板不存在:./Application/Home/View/Index/getWeather.html

[ 2016-11-23T20:32:10+08:00 ] ::1 /book11-15/index.php/Home/
ERR: Cannot use object of type stdClass as array

[ 2016-11-23T20:32:31+08:00 ] ::1 /book11-15/index.php/Home/
ERR: Cannot use object of type stdClass as array

