[ 2016-11-24T09:23:19+08:00 ] ::1 /book/
ERR: SQLSTATE[42S22]: Column not found: 1054 Unknown column 'self' in 'order clause'

[ 2016-11-24T10:19:40+08:00 ] ::1 /book/
ERR: SQLSTATE[42S22]: Column not found: 1054 Unknown column 'self' in 'order clause'

[ 2016-11-24T10:20:19+08:00 ] ::1 /book/
ERR: SQLSTATE[42S22]: Column not found: 1054 Unknown column 'self' in 'order clause'

[ 2016-11-24T10:20:25+08:00 ] ::1 /book/
ERR: SQLSTATE[42S22]: Column not found: 1054 Unknown column 'self' in 'order clause'

[ 2016-11-24T10:39:28+08:00 ] ::1 /book/
ERR: SQLSTATE[42S22]: Column not found: 1054 Unknown column 'self' in 'order clause'

[ 2016-11-24T10:40:55+08:00 ] ::1 /book/
ERR: SQLSTATE[42S22]: Column not found: 1054 Unknown column 'self' in 'order clause'

[ 2016-11-24T10:41:53+08:00 ] ::1 /book/
ERR: SQLSTATE[42S22]: Column not found: 1054 Unknown column 'self' in 'order clause'

[ 2016-11-24T10:42:01+08:00 ] ::1 /book/
ERR: SQLSTATE[42S22]: Column not found: 1054 Unknown column 'self' in 'order clause'

[ 2016-11-24T10:42:07+08:00 ] ::1 /book/
ERR: SQLSTATE[42S22]: Column not found: 1054 Unknown column 'self' in 'order clause'

[ 2016-11-24T10:55:31+08:00 ] ::1 /book/
ERR: SQLSTATE[42S22]: Column not found: 1054 Unknown column 'self' in 'order clause'

[ 2016-11-24T10:55:32+08:00 ] ::1 /book/
ERR: SQLSTATE[42S22]: Column not found: 1054 Unknown column 'self' in 'order clause'

[ 2016-11-24T11:31:38+08:00 ] ::1 /book/
ERR: SQLSTATE[HY000] [1049] Unknown database 'book-24'

[ 2016-11-24T13:33:52+08:00 ] ::1 /book/index.php/Home/Mybook/bookshelf.html
ERR: 模板不存在:./Application/Home/View/Mybook/index.html

[ 2016-11-24T14:18:32+08:00 ] ::1 /book/index.php/Home/Index/index.html?pressid=1
INFO: [ app_begin ] --START--
INFO: Run Behavior\ReadHtmlCacheBehavior [ RunTime:0.001000s ]
INFO: [ app_begin ] --END-- [ RunTime:0.002000s ]
SQL: SHOW COLUMNS FROM `bk_actlink` [ RunTime:0.0010s ]
SQL: SELECT * FROM `bk_actlink`  [ RunTime:0.0010s ]
SQL: SHOW COLUMNS FROM `bk_book` [ RunTime:0.0010s ]
SQL: SELECT `id`,`bookname`,`price`,`picname` FROM `bk_book` ORDER BY click desc LIMIT 12   [ RunTime:0.0010s ]
SQL: SELECT `id`,`bookname`,`price`,`picname` FROM `bk_book` ORDER BY addtime desc LIMIT 12   [ RunTime:0.0010s ]
SQL: SELECT `id`,`bookname`,`price`,`picname` FROM `bk_book` ORDER BY self desc LIMIT 12   [ RunTime:0.0010s ]
SQL: SELECT `id`,`bookname`,`picname` FROM `bk_book` WHERE (  press_id = 1 ) LIMIT 4   [ RunTime:0.0010s ]
SQL: SHOW COLUMNS FROM `bk_press` [ RunTime:0.0010s ]
SQL: SELECT * FROM `bk_press`  [ RunTime:0.0010s ]
SQL: SHOW COLUMNS FROM `bk_user` [ RunTime:0.0010s ]
SQL: SELECT `picname`,`username` FROM `bk_user` WHERE `id` = null LIMIT 1   [ RunTime:0.0010s ]
INFO: [ view_parse ] --START--
INFO: [ template_filter ] --START--
INFO: Run Behavior\ContentReplaceBehavior [ RunTime:0.000000s ]
INFO: [ template_filter ] --END-- [ RunTime:0.000000s ]
NOTIC: [8] Undefined variable: title D:\wamp64\www\book\Application\Runtime\Cache\Home\2a94b8bda04ff446dcedd42276fc99ee.php 第 87 行.
NOTIC: [8] Undefined variable: data D:\wamp64\www\book\Application\Runtime\Cache\Home\2a94b8bda04ff446dcedd42276fc99ee.php 第 125 行.
INFO: Run Behavior\ParseTemplateBehavior [ RunTime:0.043002s ]
INFO: [ view_parse ] --END-- [ RunTime:0.043002s ]
INFO: [ view_filter ] --START--
INFO: Run Behavior\WriteHtmlCacheBehavior [ RunTime:0.000000s ]
INFO: [ view_filter ] --END-- [ RunTime:0.001000s ]
INFO: [ app_end ] --START--
INFO: Run Behavior\ShowPageTraceBehavior [ RunTime:0.001000s ]
INFO: [ app_end ] --END-- [ RunTime:0.001000s ]

[ 2016-11-24T14:29:18+08:00 ] ::1 /book/index.php/Home/Index/index.html?pressid=3
INFO: [ app_begin ] --START--
INFO: Run Behavior\ReadHtmlCacheBehavior [ RunTime:0.001000s ]
INFO: [ app_begin ] --END-- [ RunTime:0.001000s ]
SQL: SHOW COLUMNS FROM `bk_actlink` [ RunTime:0.0000s ]
SQL: SELECT * FROM `bk_actlink`  [ RunTime:0.0000s ]
SQL: SHOW COLUMNS FROM `bk_book` [ RunTime:0.0010s ]
SQL: SELECT `id`,`bookname`,`price`,`picname` FROM `bk_book` ORDER BY click desc LIMIT 12   [ RunTime:0.0000s ]
SQL: SELECT `id`,`bookname`,`price`,`picname` FROM `bk_book` ORDER BY addtime desc LIMIT 12   [ RunTime:0.0000s ]
SQL: SELECT `id`,`bookname`,`price`,`picname` FROM `bk_book` ORDER BY self desc LIMIT 12   [ RunTime:0.0000s ]
SQL: SELECT `id`,`bookname`,`picname` FROM `bk_book` WHERE (  press_id = 3 ) LIMIT 4   [ RunTime:0.0000s ]
SQL: SHOW COLUMNS FROM `bk_press` [ RunTime:0.0010s ]
SQL: SELECT * FROM `bk_press`  [ RunTime:0.0010s ]
SQL: SHOW COLUMNS FROM `bk_user` [ RunTime:0.0000s ]
SQL: SELECT `picname`,`username` FROM `bk_user` WHERE `id` = null LIMIT 1   [ RunTime:0.0000s ]
INFO: [ view_parse ] --START--
INFO: [ template_filter ] --START--
INFO: Run Behavior\ContentReplaceBehavior [ RunTime:0.000000s ]
INFO: [ template_filter ] --END-- [ RunTime:0.000000s ]
NOTIC: [8] Undefined variable: title D:\wamp64\www\book\Application\Runtime\Cache\Home\2a94b8bda04ff446dcedd42276fc99ee.php 第 87 行.
NOTIC: [8] Undefined variable: data D:\wamp64\www\book\Application\Runtime\Cache\Home\2a94b8bda04ff446dcedd42276fc99ee.php 第 125 行.
INFO: Run Behavior\ParseTemplateBehavior [ RunTime:0.039002s ]
INFO: [ view_parse ] --END-- [ RunTime:0.040002s ]
INFO: [ view_filter ] --START--
INFO: Run Behavior\WriteHtmlCacheBehavior [ RunTime:0.000000s ]
INFO: [ view_filter ] --END-- [ RunTime:0.000000s ]
INFO: [ app_end ] --START--
INFO: Run Behavior\ShowPageTraceBehavior [ RunTime:0.001000s ]
INFO: [ app_end ] --END-- [ RunTime:0.001000s ]

[ 2016-11-24T14:34:47+08:00 ] ::1 /book/index.php/Home/Index/search.html
INFO: [ app_begin ] --START--
INFO: Run Behavior\ReadHtmlCacheBehavior [ RunTime:0.001000s ]
INFO: [ app_begin ] --END-- [ RunTime:0.001000s ]
SQL: SHOW COLUMNS FROM `bk_book` [ RunTime:0.0020s ]
SQL: SELECT `bookname`,`id` FROM `bk_book` WHERE `bookname` LIKE '%ji%' LIMIT 5   [ RunTime:0.0000s ]
INFO: [ app_end ] --START--
INFO: Run Behavior\ShowPageTraceBehavior [ RunTime:0.000000s ]
INFO: [ app_end ] --END-- [ RunTime:0.000000s ]

[ 2016-11-24T14:34:47+08:00 ] ::1 /book/index.php/Home/Index/search.html
INFO: [ app_begin ] --START--
INFO: Run Behavior\ReadHtmlCacheBehavior [ RunTime:0.001000s ]
INFO: [ app_begin ] --END-- [ RunTime:0.001000s ]
SQL: SHOW COLUMNS FROM `bk_book` [ RunTime:0.0000s ]
SQL: SELECT `bookname`,`id` FROM `bk_book` WHERE `bookname` LIKE '%ji%' LIMIT 5   [ RunTime:0.0010s ]
INFO: [ app_end ] --START--
INFO: Run Behavior\ShowPageTraceBehavior [ RunTime:0.001000s ]
INFO: [ app_end ] --END-- [ RunTime:0.001000s ]

[ 2016-11-24T14:34:48+08:00 ] ::1 /book/index.php/Home/Index/search.html
INFO: [ app_begin ] --START--
INFO: Run Behavior\ReadHtmlCacheBehavior [ RunTime:0.000000s ]
INFO: [ app_begin ] --END-- [ RunTime:0.001000s ]
SQL: SHOW COLUMNS FROM `bk_book` [ RunTime:0.0010s ]
SQL: SELECT `bookname`,`id` FROM `bk_book` WHERE `bookname` LIKE '%jib%' LIMIT 5   [ RunTime:0.0010s ]
INFO: [ app_end ] --START--
INFO: Run Behavior\ShowPageTraceBehavior [ RunTime:0.001000s ]
INFO: [ app_end ] --END-- [ RunTime:0.001000s ]

[ 2016-11-24T14:34:48+08:00 ] ::1 /book/index.php/Home/Index/search.html
INFO: [ app_begin ] --START--
INFO: Run Behavior\ReadHtmlCacheBehavior [ RunTime:0.001000s ]
INFO: [ app_begin ] --END-- [ RunTime:0.001000s ]
SQL: SHOW COLUMNS FROM `bk_book` [ RunTime:0.0010s ]
SQL: SELECT `bookname`,`id` FROM `bk_book` WHERE `bookname` LIKE '%jiba%' LIMIT 5   [ RunTime:0.0000s ]
INFO: [ app_end ] --START--
INFO: Run Behavior\ShowPageTraceBehavior [ RunTime:0.001000s ]
INFO: [ app_end ] --END-- [ RunTime:0.001000s ]

[ 2016-11-24T14:34:49+08:00 ] ::1 /book/index.php/Home/Index/search.html
INFO: [ app_begin ] --START--
INFO: Run Behavior\ReadHtmlCacheBehavior [ RunTime:0.000000s ]
INFO: [ app_begin ] --END-- [ RunTime:0.001000s ]
SQL: SHOW COLUMNS FROM `bk_book` [ RunTime:0.0010s ]
SQL: SELECT `bookname`,`id` FROM `bk_book` WHERE `bookname` LIKE '%jib%' LIMIT 5   [ RunTime:0.0000s ]
INFO: [ app_end ] --START--
INFO: Run Behavior\ShowPageTraceBehavior [ RunTime:0.000000s ]
INFO: [ app_end ] --END-- [ RunTime:0.001000s ]

[ 2016-11-24T14:34:49+08:00 ] ::1 /book/index.php/Home/Index/search.html
INFO: [ app_begin ] --START--
INFO: Run Behavior\ReadHtmlCacheBehavior [ RunTime:0.001000s ]
INFO: [ app_begin ] --END-- [ RunTime:0.001000s ]
SQL: SHOW COLUMNS FROM `bk_book` [ RunTime:0.0010s ]
SQL: SELECT `bookname`,`id` FROM `bk_book` WHERE `bookname` LIKE '%ji%' LIMIT 5   [ RunTime:0.0000s ]
INFO: [ app_end ] --START--
INFO: Run Behavior\ShowPageTraceBehavior [ RunTime:0.001000s ]
INFO: [ app_end ] --END-- [ RunTime:0.001000s ]

[ 2016-11-24T14:34:49+08:00 ] ::1 /book/index.php/Home/Index/search.html
INFO: [ app_begin ] --START--
INFO: Run Behavior\ReadHtmlCacheBehavior [ RunTime:0.000000s ]
INFO: [ app_begin ] --END-- [ RunTime:0.001000s ]
SQL: SHOW COLUMNS FROM `bk_book` [ RunTime:0.0010s ]
SQL: SELECT `bookname`,`id` FROM `bk_book` WHERE `bookname` LIKE '%j%' LIMIT 5   [ RunTime:0.0000s ]
INFO: [ app_end ] --START--
INFO: Run Behavior\ShowPageTraceBehavior [ RunTime:0.000000s ]
INFO: [ app_end ] --END-- [ RunTime:0.000000s ]

[ 2016-11-24T14:34:50+08:00 ] ::1 /book/index.php/Home/Index/search.html
INFO: [ app_begin ] --START--
INFO: Run Behavior\ReadHtmlCacheBehavior [ RunTime:0.001000s ]
INFO: [ app_begin ] --END-- [ RunTime:0.001000s ]
SQL: SHOW COLUMNS FROM `bk_book` [ RunTime:0.0010s ]
SQL: SELECT `bookname`,`id` FROM `bk_book` WHERE `bookname` LIKE '%j%' LIMIT 5   [ RunTime:0.0000s ]
INFO: [ app_end ] --START--
INFO: Run Behavior\ShowPageTraceBehavior [ RunTime:0.000000s ]
INFO: [ app_end ] --END-- [ RunTime:0.001000s ]

[ 2016-11-24T14:34:50+08:00 ] ::1 /book/index.php/Home/Index/search.html
INFO: [ app_begin ] --START--
INFO: Run Behavior\ReadHtmlCacheBehavior [ RunTime:0.001000s ]
INFO: [ app_begin ] --END-- [ RunTime:0.001000s ]
SQL: SHOW COLUMNS FROM `bk_book` [ RunTime:0.0000s ]
SQL: SELECT `bookname`,`id` FROM `bk_book` WHERE `bookname` LIKE '%j%' LIMIT 5   [ RunTime:0.0010s ]
INFO: [ app_end ] --START--
INFO: Run Behavior\ShowPageTraceBehavior [ RunTime:0.001000s ]
INFO: [ app_end ] --END-- [ RunTime:0.001000s ]

[ 2016-11-24T14:34:50+08:00 ] ::1 /book/index.php/Home/Index/search.html
INFO: [ app_begin ] --START--
INFO: Run Behavior\ReadHtmlCacheBehavior [ RunTime:0.001000s ]
INFO: [ app_begin ] --END-- [ RunTime:0.001000s ]
SQL: SHOW COLUMNS FROM `bk_book` [ RunTime:0.0010s ]
SQL: SELECT `bookname`,`id` FROM `bk_book` WHERE `bookname` LIKE '%ji%' LIMIT 5   [ RunTime:0.0010s ]
INFO: [ app_end ] --START--
INFO: Run Behavior\ShowPageTraceBehavior [ RunTime:0.001000s ]
INFO: [ app_end ] --END-- [ RunTime:0.001000s ]

[ 2016-11-24T14:34:51+08:00 ] ::1 /book/index.php/Home/Index/search.html
INFO: [ app_begin ] --START--
INFO: Run Behavior\ReadHtmlCacheBehavior [ RunTime:0.001000s ]
INFO: [ app_begin ] --END-- [ RunTime:0.001000s ]
SQL: SHOW COLUMNS FROM `bk_book` [ RunTime:0.0010s ]
SQL: SELECT `bookname`,`id` FROM `bk_book` WHERE `bookname` LIKE '%ji%' LIMIT 5   [ RunTime:0.0000s ]
INFO: [ app_end ] --START--
INFO: Run Behavior\ShowPageTraceBehavior [ RunTime:0.002000s ]
INFO: [ app_end ] --END-- [ RunTime:0.002000s ]

[ 2016-11-24T14:34:51+08:00 ] ::1 /book/index.php/Home/Index/search.html
INFO: [ app_begin ] --START--
INFO: Run Behavior\ReadHtmlCacheBehavior [ RunTime:0.001000s ]
INFO: [ app_begin ] --END-- [ RunTime:0.001000s ]
SQL: SHOW COLUMNS FROM `bk_book` [ RunTime:0.0010s ]
SQL: SELECT `bookname`,`id` FROM `bk_book` WHERE `bookname` LIKE '%jiab%' LIMIT 5   [ RunTime:0.0000s ]
INFO: [ app_end ] --START--
INFO: Run Behavior\ShowPageTraceBehavior [ RunTime:0.000000s ]
INFO: [ app_end ] --END-- [ RunTime:0.001000s ]

[ 2016-11-24T14:34:51+08:00 ] ::1 /book/index.php/Home/Index/search.html
INFO: [ app_begin ] --START--
INFO: Run Behavior\ReadHtmlCacheBehavior [ RunTime:0.000000s ]
INFO: [ app_begin ] --END-- [ RunTime:0.001000s ]
SQL: SHOW COLUMNS FROM `bk_book` [ RunTime:0.0000s ]
SQL: SELECT `bookname`,`id` FROM `bk_book` WHERE `bookname` LIKE '%jiab%' LIMIT 5   [ RunTime:0.0010s ]
INFO: [ app_end ] --START--
INFO: Run Behavior\ShowPageTraceBehavior [ RunTime:0.001000s ]
INFO: [ app_end ] --END-- [ RunTime:0.001000s ]

[ 2016-11-24T14:34:51+08:00 ] ::1 /book/index.php/Home/Index/search.html
INFO: [ app_begin ] --START--
INFO: Run Behavior\ReadHtmlCacheBehavior [ RunTime:0.001000s ]
INFO: [ app_begin ] --END-- [ RunTime:0.001000s ]
SQL: SHOW COLUMNS FROM `bk_book` [ RunTime:0.0010s ]
SQL: SELECT `bookname`,`id` FROM `bk_book` WHERE `bookname` LIKE '%键%' LIMIT 5   [ RunTime:0.0000s ]
INFO: [ app_end ] --START--
INFO: Run Behavior\ShowPageTraceBehavior [ RunTime:0.001000s ]
INFO: [ app_end ] --END-- [ RunTime:0.001000s ]

[ 2016-11-24T14:34:52+08:00 ] ::1 /book/index.php/Home/Index/search.html
INFO: [ app_begin ] --START--
INFO: Run Behavior\ReadHtmlCacheBehavior [ RunTime:0.001000s ]
INFO: [ app_begin ] --END-- [ RunTime:0.001000s ]
SQL: SHOW COLUMNS FROM `bk_book` [ RunTime:0.0010s ]
SQL: SELECT `bookname`,`id` FROM `bk_book` WHERE `bookname` LIKE '%ji%' LIMIT 5   [ RunTime:0.0000s ]
INFO: [ app_end ] --START--
INFO: Run Behavior\ShowPageTraceBehavior [ RunTime:0.001000s ]
INFO: [ app_end ] --END-- [ RunTime:0.001000s ]

[ 2016-11-24T14:34:52+08:00 ] ::1 /book/index.php/Home/Index/search.html
INFO: [ app_begin ] --START--
INFO: Run Behavior\ReadHtmlCacheBehavior [ RunTime:0.001000s ]
INFO: [ app_begin ] --END-- [ RunTime:0.001000s ]
SQL: SHOW COLUMNS FROM `bk_book` [ RunTime:0.0010s ]
SQL: SELECT `bookname`,`id` FROM `bk_book` WHERE `bookname` LIKE '%ji%' LIMIT 5   [ RunTime:0.0000s ]
INFO: [ app_end ] --START--
INFO: Run Behavior\ShowPageTraceBehavior [ RunTime:0.000000s ]
INFO: [ app_end ] --END-- [ RunTime:0.000000s ]

[ 2016-11-24T14:34:52+08:00 ] ::1 /book/index.php/Home/Index/search.html
INFO: [ app_begin ] --START--
INFO: Run Behavior\ReadHtmlCacheBehavior [ RunTime:0.001000s ]
INFO: [ app_begin ] --END-- [ RunTime:0.001000s ]
SQL: SHOW COLUMNS FROM `bk_book` [ RunTime:0.0010s ]
SQL: SELECT `bookname`,`id` FROM `bk_book` WHERE `bookname` LIKE '%jiba%' LIMIT 5   [ RunTime:0.0000s ]
INFO: [ app_end ] --START--
INFO: Run Behavior\ShowPageTraceBehavior [ RunTime:0.001000s ]
INFO: [ app_end ] --END-- [ RunTime:0.001000s ]

[ 2016-11-24T14:34:52+08:00 ] ::1 /book/index.php/Home/Index/search.html
INFO: [ app_begin ] --START--
INFO: Run Behavior\ReadHtmlCacheBehavior [ RunTime:0.001000s ]
INFO: [ app_begin ] --END-- [ RunTime:0.001000s ]
SQL: SHOW COLUMNS FROM `bk_book` [ RunTime:0.0010s ]
SQL: SELECT `bookname`,`id` FROM `bk_book` WHERE `bookname` LIKE '%jiba%' LIMIT 5   [ RunTime:0.0000s ]
INFO: [ app_end ] --START--
INFO: Run Behavior\ShowPageTraceBehavior [ RunTime:0.001000s ]
INFO: [ app_end ] --END-- [ RunTime:0.001000s ]

[ 2016-11-24T14:34:53+08:00 ] ::1 /book/index.php/Home/Index/search.html
INFO: [ app_begin ] --START--
INFO: Run Behavior\ReadHtmlCacheBehavior [ RunTime:0.001000s ]
INFO: [ app_begin ] --END-- [ RunTime:0.001000s ]
SQL: SHOW COLUMNS FROM `bk_book` [ RunTime:0.0010s ]
SQL: SELECT `bookname`,`id` FROM `bk_book` WHERE `bookname` LIKE '%鸡巴%' LIMIT 5   [ RunTime:0.0000s ]
INFO: [ app_end ] --START--
INFO: Run Behavior\ShowPageTraceBehavior [ RunTime:0.001000s ]
INFO: [ app_end ] --END-- [ RunTime:0.001000s ]

[ 2016-11-24T14:34:53+08:00 ] ::1 /book/index.php/Home/Index/search.html
INFO: [ app_begin ] --START--
INFO: Run Behavior\ReadHtmlCacheBehavior [ RunTime:0.000000s ]
INFO: [ app_begin ] --END-- [ RunTime:0.002000s ]
SQL: SHOW COLUMNS FROM `bk_book` [ RunTime:0.0010s ]
SQL: SELECT `bookname`,`id` FROM `bk_book` WHERE `bookname` LIKE '%鸡%' LIMIT 5   [ RunTime:0.0010s ]
INFO: [ app_end ] --START--
INFO: Run Behavior\ShowPageTraceBehavior [ RunTime:0.001000s ]
INFO: [ app_end ] --END-- [ RunTime:0.001000s ]

[ 2016-11-24T14:35:23+08:00 ] ::1 /book/index.php/Home/Index/search.html
INFO: [ app_begin ] --START--
INFO: Run Behavior\ReadHtmlCacheBehavior [ RunTime:0.000000s ]
INFO: [ app_begin ] --END-- [ RunTime:0.001000s ]
SQL: SHOW COLUMNS FROM `bk_book` [ RunTime:0.0010s ]
SQL: SELECT `bookname`,`id` FROM `bk_book` WHERE `bookname` LIKE '%p%' LIMIT 5   [ RunTime:0.0000s ]
INFO: [ app_end ] --START--
INFO: Run Behavior\ShowPageTraceBehavior [ RunTime:0.000000s ]
INFO: [ app_end ] --END-- [ RunTime:0.001000s ]

[ 2016-11-24T14:35:23+08:00 ] ::1 /book/index.php/Home/Index/search.html
INFO: [ app_begin ] --START--
INFO: Run Behavior\ReadHtmlCacheBehavior [ RunTime:0.001000s ]
INFO: [ app_begin ] --END-- [ RunTime:0.001000s ]
SQL: SHOW COLUMNS FROM `bk_book` [ RunTime:0.0010s ]
SQL: SELECT `bookname`,`id` FROM `bk_book` WHERE `bookname` LIKE '%pe%' LIMIT 5   [ RunTime:0.0000s ]
INFO: [ app_end ] --START--
INFO: Run Behavior\ShowPageTraceBehavior [ RunTime:0.001000s ]
INFO: [ app_end ] --END-- [ RunTime:0.001000s ]

[ 2016-11-24T14:35:24+08:00 ] ::1 /book/index.php/Home/Index/search.html
INFO: [ app_begin ] --START--
INFO: Run Behavior\ReadHtmlCacheBehavior [ RunTime:0.001000s ]
INFO: [ app_begin ] --END-- [ RunTime:0.001000s ]
SQL: SHOW COLUMNS FROM `bk_book` [ RunTime:0.0010s ]
SQL: SELECT `bookname`,`id` FROM `bk_book` WHERE `bookname` LIKE '%pei%' LIMIT 5   [ RunTime:0.0000s ]
INFO: [ app_end ] --START--
INFO: Run Behavior\ShowPageTraceBehavior [ RunTime:0.001000s ]
INFO: [ app_end ] --END-- [ RunTime:0.001000s ]

[ 2016-11-24T14:35:24+08:00 ] ::1 /book/index.php/Home/Index/search.html
INFO: [ app_begin ] --START--
INFO: Run Behavior\ReadHtmlCacheBehavior [ RunTime:0.000000s ]
INFO: [ app_begin ] --END-- [ RunTime:0.002000s ]
SQL: SHOW COLUMNS FROM `bk_book` [ RunTime:0.0010s ]
SQL: SELECT `bookname`,`id` FROM `bk_book` WHERE `bookname` LIKE '%pe%' LIMIT 5   [ RunTime:0.0010s ]
INFO: [ app_end ] --START--
INFO: Run Behavior\ShowPageTraceBehavior [ RunTime:0.001000s ]
INFO: [ app_end ] --END-- [ RunTime:0.001000s ]

[ 2016-11-24T14:35:25+08:00 ] ::1 /book/index.php/Home/Index/search.html
INFO: [ app_begin ] --START--
INFO: Run Behavior\ReadHtmlCacheBehavior [ RunTime:0.000000s ]
INFO: [ app_begin ] --END-- [ RunTime:0.002000s ]
SQL: SHOW COLUMNS FROM `bk_book` [ RunTime:0.0010s ]
SQL: SELECT `bookname`,`id` FROM `bk_book` WHERE `bookname` LIKE '%p%' LIMIT 5   [ RunTime:0.0010s ]
INFO: [ app_end ] --START--
INFO: Run Behavior\ShowPageTraceBehavior [ RunTime:0.001000s ]
INFO: [ app_end ] --END-- [ RunTime:0.001000s ]

[ 2016-11-24T14:35:26+08:00 ] ::1 /book/index.php/Home/Index/search.html
INFO: [ app_begin ] --START--
INFO: Run Behavior\ReadHtmlCacheBehavior [ RunTime:0.001000s ]
INFO: [ app_begin ] --END-- [ RunTime:0.001000s ]
SQL: SHOW COLUMNS FROM `bk_book` [ RunTime:0.0010s ]
SQL: SELECT `bookname`,`id` FROM `bk_book` WHERE `bookname` LIKE '%b%' LIMIT 5   [ RunTime:0.0000s ]
INFO: [ app_end ] --START--
INFO: Run Behavior\ShowPageTraceBehavior [ RunTime:0.001000s ]
INFO: [ app_end ] --END-- [ RunTime:0.001000s ]

[ 2016-11-24T14:35:26+08:00 ] ::1 /book/index.php/Home/Index/search.html
INFO: [ app_begin ] --START--
INFO: Run Behavior\ReadHtmlCacheBehavior [ RunTime:0.001000s ]
INFO: [ app_begin ] --END-- [ RunTime:0.001000s ]
SQL: SHOW COLUMNS FROM `bk_book` [ RunTime:0.0010s ]
SQL: SELECT `bookname`,`id` FROM `bk_book` WHERE `bookname` LIKE '%be%' LIMIT 5   [ RunTime:0.0000s ]
INFO: [ app_end ] --START--
INFO: Run Behavior\ShowPageTraceBehavior [ RunTime:0.000000s ]
INFO: [ app_end ] --END-- [ RunTime:0.001000s ]

[ 2016-11-24T14:35:26+08:00 ] ::1 /book/index.php/Home/Index/search.html
INFO: [ app_begin ] --START--
INFO: Run Behavior\ReadHtmlCacheBehavior [ RunTime:0.001000s ]
INFO: [ app_begin ] --END-- [ RunTime:0.001000s ]
SQL: SHOW COLUMNS FROM `bk_book` [ RunTime:0.0010s ]
SQL: SELECT `bookname`,`id` FROM `bk_book` WHERE `bookname` LIKE '%bei%' LIMIT 5   [ RunTime:0.0010s ]
INFO: [ app_end ] --START--
INFO: Run Behavior\ShowPageTraceBehavior [ RunTime:0.001000s ]
INFO: [ app_end ] --END-- [ RunTime:0.001000s ]

[ 2016-11-24T14:35:26+08:00 ] ::1 /book/index.php/Home/Index/search.html
INFO: [ app_begin ] --START--
INFO: Run Behavior\ReadHtmlCacheBehavior [ RunTime:0.000000s ]
INFO: [ app_begin ] --END-- [ RunTime:0.001000s ]
SQL: SHOW COLUMNS FROM `bk_book` [ RunTime:0.0010s ]
SQL: SELECT `bookname`,`id` FROM `bk_book` WHERE `bookname` LIKE '%beibi%' LIMIT 5   [ RunTime:0.0000s ]
INFO: [ app_end ] --START--
INFO: Run Behavior\ShowPageTraceBehavior [ RunTime:0.000000s ]
INFO: [ app_end ] --END-- [ RunTime:0.001001s ]

[ 2016-11-24T14:35:26+08:00 ] ::1 /book/index.php/Home/Index/search.html
INFO: [ app_begin ] --START--
INFO: Run Behavior\ReadHtmlCacheBehavior [ RunTime:0.001000s ]
INFO: [ app_begin ] --END-- [ RunTime:0.001000s ]
SQL: SHOW COLUMNS FROM `bk_book` [ RunTime:0.0010s ]
SQL: SELECT `bookname`,`id` FROM `bk_book` WHERE `bookname` LIKE '%beibi%' LIMIT 5   [ RunTime:0.0000s ]
INFO: [ app_end ] --START--
INFO: Run Behavior\ShowPageTraceBehavior [ RunTime:0.001000s ]
INFO: [ app_end ] --END-- [ RunTime:0.001000s ]

[ 2016-11-24T14:35:27+08:00 ] ::1 /book/index.php/Home/Index/search.html
INFO: [ app_begin ] --START--
INFO: Run Behavior\ReadHtmlCacheBehavior [ RunTime:0.001000s ]
INFO: [ app_begin ] --END-- [ RunTime:0.001000s ]
SQL: SHOW COLUMNS FROM `bk_book` [ RunTime:0.0010s ]
SQL: SELECT `bookname`,`id` FROM `bk_book` WHERE `bookname` LIKE '%卑鄙%' LIMIT 5   [ RunTime:0.0000s ]
INFO: [ app_end ] --START--
INFO: Run Behavior\ShowPageTraceBehavior [ RunTime:0.000000s ]
INFO: [ app_end ] --END-- [ RunTime:0.001000s ]

[ 2016-11-24T14:35:28+08:00 ] ::1 /book/index.php/Home/Index/search.html
INFO: [ app_begin ] --START--
INFO: Run Behavior\ReadHtmlCacheBehavior [ RunTime:0.001000s ]
INFO: [ app_begin ] --END-- [ RunTime:0.001000s ]
SQL: SHOW COLUMNS FROM `bk_book` [ RunTime:0.0010s ]
SQL: SELECT `bookname`,`id` FROM `bk_book` WHERE `bookname` LIKE '%卑鄙d%' LIMIT 5   [ RunTime:0.0000s ]
INFO: [ app_end ] --START--
INFO: Run Behavior\ShowPageTraceBehavior [ RunTime:0.001000s ]
INFO: [ app_end ] --END-- [ RunTime:0.001000s ]

[ 2016-11-24T14:35:28+08:00 ] ::1 /book/index.php/Home/Index/search.html
INFO: [ app_begin ] --START--
INFO: Run Behavior\ReadHtmlCacheBehavior [ RunTime:0.000000s ]
INFO: [ app_begin ] --END-- [ RunTime:0.001000s ]
SQL: SHOW COLUMNS FROM `bk_book` [ RunTime:0.0010s ]
SQL: SELECT `bookname`,`id` FROM `bk_book` WHERE `bookname` LIKE '%卑鄙的%' LIMIT 5   [ RunTime:0.0010s ]
INFO: [ app_end ] --START--
INFO: Run Behavior\ShowPageTraceBehavior [ RunTime:0.000000s ]
INFO: [ app_end ] --END-- [ RunTime:0.001000s ]

[ 2016-11-24T14:35:29+08:00 ] ::1 /book/index.php/Home/Index/search.html
INFO: [ app_begin ] --START--
INFO: Run Behavior\ReadHtmlCacheBehavior [ RunTime:0.001000s ]
INFO: [ app_begin ] --END-- [ RunTime:0.001000s ]
SQL: SHOW COLUMNS FROM `bk_book` [ RunTime:0.0010s ]
SQL: SELECT `bookname`,`id` FROM `bk_book` WHERE `bookname` LIKE '%卑鄙的wo%' LIMIT 5   [ RunTime:0.0000s ]
INFO: [ app_end ] --START--
INFO: Run Behavior\ShowPageTraceBehavior [ RunTime:0.001000s ]
INFO: [ app_end ] --END-- [ RunTime:0.001000s ]

[ 2016-11-24T14:35:29+08:00 ] ::1 /book/index.php/Home/Index/search.html
INFO: [ app_begin ] --START--
INFO: Run Behavior\ReadHtmlCacheBehavior [ RunTime:0.001000s ]
INFO: [ app_begin ] --END-- [ RunTime:0.001000s ]
SQL: SHOW COLUMNS FROM `bk_book` [ RunTime:0.0010s ]
SQL: SELECT `bookname`,`id` FROM `bk_book` WHERE `bookname` LIKE '%卑鄙的wo%' LIMIT 5   [ RunTime:0.0000s ]
INFO: [ app_end ] --START--
INFO: Run Behavior\ShowPageTraceBehavior [ RunTime:0.001000s ]
INFO: [ app_end ] --END-- [ RunTime:0.001000s ]

[ 2016-11-24T14:35:29+08:00 ] ::1 /book/index.php/Home/Index/search.html
INFO: [ app_begin ] --START--
INFO: Run Behavior\ReadHtmlCacheBehavior [ RunTime:0.001000s ]
INFO: [ app_begin ] --END-- [ RunTime:0.001000s ]
SQL: SHOW COLUMNS FROM `bk_book` [ RunTime:0.0010s ]
SQL: SELECT `bookname`,`id` FROM `bk_book` WHERE `bookname` LIKE '%卑鄙的我%' LIMIT 5   [ RunTime:0.0000s ]
INFO: [ app_end ] --START--
INFO: Run Behavior\ShowPageTraceBehavior [ RunTime:0.000000s ]
INFO: [ app_end ] --END-- [ RunTime:0.000000s ]

[ 2016-11-24T14:35:32+08:00 ] ::1 /book/index.php/Home/Index/search.html
INFO: [ app_begin ] --START--
INFO: Run Behavior\ReadHtmlCacheBehavior [ RunTime:0.001000s ]
INFO: [ app_begin ] --END-- [ RunTime:0.001000s ]
SQL: SHOW COLUMNS FROM `bk_book` [ RunTime:0.0010s ]
SQL: SELECT `bookname`,`id` FROM `bk_book` WHERE `bookname` LIKE '%卑鄙的我%' LIMIT 5   [ RunTime:0.0000s ]
INFO: [ app_end ] --START--
INFO: Run Behavior\ShowPageTraceBehavior [ RunTime:0.001000s ]
INFO: [ app_end ] --END-- [ RunTime:0.001000s ]

[ 2016-11-24T14:35:32+08:00 ] ::1 /book/index.php/Home/Index/search.html
INFO: [ app_begin ] --START--
INFO: Run Behavior\ReadHtmlCacheBehavior [ RunTime:0.001000s ]
INFO: [ app_begin ] --END-- [ RunTime:0.001000s ]
SQL: SHOW COLUMNS FROM `bk_book` [ RunTime:0.0010s ]
SQL: SELECT `bookname`,`id` FROM `bk_book` WHERE `bookname` LIKE '%卑鄙的我%' LIMIT 5   [ RunTime:0.0000s ]
INFO: [ app_end ] --START--
INFO: Run Behavior\ShowPageTraceBehavior [ RunTime:0.001000s ]
INFO: [ app_end ] --END-- [ RunTime:0.001000s ]

[ 2016-11-24T14:35:32+08:00 ] ::1 /book/index.php/Home/Index/search.html
INFO: [ app_begin ] --START--
INFO: Run Behavior\ReadHtmlCacheBehavior [ RunTime:0.001000s ]
INFO: [ app_begin ] --END-- [ RunTime:0.001000s ]
SQL: SHOW COLUMNS FROM `bk_book` [ RunTime:0.0010s ]
SQL: SELECT `bookname`,`id` FROM `bk_book` WHERE `bookname` LIKE '%卑鄙的我%' LIMIT 5   [ RunTime:0.0010s ]
INFO: [ app_end ] --START--
INFO: Run Behavior\ShowPageTraceBehavior [ RunTime:0.001000s ]
INFO: [ app_end ] --END-- [ RunTime:0.001000s ]

[ 2016-11-24T14:35:32+08:00 ] ::1 /book/index.php/Home/Index/search.html
INFO: [ app_begin ] --START--
INFO: Run Behavior\ReadHtmlCacheBehavior [ RunTime:0.001000s ]
INFO: [ app_begin ] --END-- [ RunTime:0.001000s ]
SQL: SHOW COLUMNS FROM `bk_book` [ RunTime:0.0000s ]
SQL: SELECT `bookname`,`id` FROM `bk_book` WHERE `bookname` LIKE '%卑鄙的我%' LIMIT 5   [ RunTime:0.0010s ]
INFO: [ app_end ] --START--
INFO: Run Behavior\ShowPageTraceBehavior [ RunTime:0.001000s ]
INFO: [ app_end ] --END-- [ RunTime:0.001000s ]

[ 2016-11-24T14:35:33+08:00 ] ::1 /book/index.php/Home/Index/search.html
INFO: [ app_begin ] --START--
INFO: Run Behavior\ReadHtmlCacheBehavior [ RunTime:0.001000s ]
INFO: [ app_begin ] --END-- [ RunTime:0.001000s ]
SQL: SHOW COLUMNS FROM `bk_book` [ RunTime:0.0010s ]
SQL: SELECT `bookname`,`id` FROM `bk_book` WHERE `bookname` LIKE '%卑鄙的我%' LIMIT 5   [ RunTime:0.0000s ]
INFO: [ app_end ] --START--
INFO: Run Behavior\ShowPageTraceBehavior [ RunTime:0.001000s ]
INFO: [ app_end ] --END-- [ RunTime:0.001000s ]

[ 2016-11-24T14:35:33+08:00 ] ::1 /book/index.php/Home/Index/search.html
INFO: [ app_begin ] --START--
INFO: Run Behavior\ReadHtmlCacheBehavior [ RunTime:0.001000s ]
INFO: [ app_begin ] --END-- [ RunTime:0.001000s ]
SQL: SHOW COLUMNS FROM `bk_book` [ RunTime:0.0010s ]
SQL: SELECT `bookname`,`id` FROM `bk_book` WHERE `bookname` LIKE '%卑鄙的我%' LIMIT 5   [ RunTime:0.0000s ]
INFO: [ app_end ] --START--
INFO: Run Behavior\ShowPageTraceBehavior [ RunTime:0.000000s ]
INFO: [ app_end ] --END-- [ RunTime:0.000000s ]

[ 2016-11-24T14:35:33+08:00 ] ::1 /book/index.php/Home/Index/search.html
INFO: [ app_begin ] --START--
INFO: Run Behavior\ReadHtmlCacheBehavior [ RunTime:0.000000s ]
INFO: [ app_begin ] --END-- [ RunTime:0.001000s ]
SQL: SHOW COLUMNS FROM `bk_book` [ RunTime:0.0010s ]
SQL: SELECT `bookname`,`id` FROM `bk_book` WHERE `bookname` LIKE '%卑鄙的我%' LIMIT 5   [ RunTime:0.0010s ]
INFO: [ app_end ] --START--
INFO: Run Behavior\ShowPageTraceBehavior [ RunTime:0.001000s ]
INFO: [ app_end ] --END-- [ RunTime:0.001000s ]

[ 2016-11-24T14:35:33+08:00 ] ::1 /book/index.php/Home/Index/search.html
INFO: [ app_begin ] --START--
INFO: Run Behavior\ReadHtmlCacheBehavior [ RunTime:0.001000s ]
INFO: [ app_begin ] --END-- [ RunTime:0.001000s ]
SQL: SHOW COLUMNS FROM `bk_book` [ RunTime:0.0010s ]
SQL: SELECT `bookname`,`id` FROM `bk_book` WHERE `bookname` LIKE '%卑鄙的我%' LIMIT 5   [ RunTime:0.0010s ]
INFO: [ app_end ] --START--
INFO: Run Behavior\ShowPageTraceBehavior [ RunTime:0.001000s ]
INFO: [ app_end ] --END-- [ RunTime:0.001000s ]

[ 2016-11-24T14:37:29+08:00 ] ::1 /book/index.php/Home/Mybook/
ERR: 模板不存在:./Application/Home/View/Mybook/index.html

[ 2016-11-24T14:52:01+08:00 ] ::1 /book/index.php/Home/Index/search.html
INFO: [ app_begin ] --START--
INFO: Run Behavior\ReadHtmlCacheBehavior [ RunTime:0.000000s ]
INFO: [ app_begin ] --END-- [ RunTime:0.001000s ]
SQL: SHOW COLUMNS FROM `bk_book` [ RunTime:0.0010s ]
SQL: SELECT `bookname`,`id` FROM `bk_book` WHERE `bookname` LIKE '%wo%' LIMIT 5   [ RunTime:0.0000s ]
INFO: [ app_end ] --START--
INFO: Run Behavior\ShowPageTraceBehavior [ RunTime:0.001000s ]
INFO: [ app_end ] --END-- [ RunTime:0.001000s ]

[ 2016-11-24T14:52:01+08:00 ] ::1 /book/index.php/Home/Index/search.html
INFO: [ app_begin ] --START--
INFO: Run Behavior\ReadHtmlCacheBehavior [ RunTime:0.001000s ]
INFO: [ app_begin ] --END-- [ RunTime:0.001000s ]
SQL: SHOW COLUMNS FROM `bk_book` [ RunTime:0.0010s ]
SQL: SELECT `bookname`,`id` FROM `bk_book` WHERE `bookname` LIKE '%wo%' LIMIT 5   [ RunTime:0.0000s ]
INFO: [ app_end ] --START--
INFO: Run Behavior\ShowPageTraceBehavior [ RunTime:0.001000s ]
INFO: [ app_end ] --END-- [ RunTime:0.001000s ]

[ 2016-11-24T14:52:02+08:00 ] ::1 /book/index.php/Home/Index/search.html
INFO: [ app_begin ] --START--
INFO: Run Behavior\ReadHtmlCacheBehavior [ RunTime:0.001000s ]
INFO: [ app_begin ] --END-- [ RunTime:0.001000s ]
SQL: SHOW COLUMNS FROM `bk_book` [ RunTime:0.0010s ]
SQL: SELECT `bookname`,`id` FROM `bk_book` WHERE `bookname` LIKE '%w%' LIMIT 5   [ RunTime:0.0010s ]
INFO: [ app_end ] --START--
INFO: Run Behavior\ShowPageTraceBehavior [ RunTime:0.001000s ]
INFO: [ app_end ] --END-- [ RunTime:0.001000s ]

[ 2016-11-24T14:52:03+08:00 ] ::1 /book/index.php/Home/Index/search.html
INFO: [ app_begin ] --START--
INFO: Run Behavior\ReadHtmlCacheBehavior [ RunTime:0.001000s ]
INFO: [ app_begin ] --END-- [ RunTime:0.001000s ]
SQL: SHOW COLUMNS FROM `bk_book` [ RunTime:0.0010s ]
SQL: SELECT `bookname`,`id` FROM `bk_book` WHERE `bookname` LIKE '%w%' LIMIT 5   [ RunTime:0.0010s ]
INFO: [ app_end ] --START--
INFO: Run Behavior\ShowPageTraceBehavior [ RunTime:0.001000s ]
INFO: [ app_end ] --END-- [ RunTime:0.001000s ]

[ 2016-11-24T14:52:03+08:00 ] ::1 /book/index.php/Home/Index/search.html
INFO: [ app_begin ] --START--
INFO: Run Behavior\ReadHtmlCacheBehavior [ RunTime:0.001001s ]
INFO: [ app_begin ] --END-- [ RunTime:0.001001s ]
SQL: SHOW COLUMNS FROM `bk_book` [ RunTime:0.0000s ]
SQL: SELECT `bookname`,`id` FROM `bk_book` WHERE `bookname` LIKE '%wo%' LIMIT 5   [ RunTime:0.0010s ]
INFO: [ app_end ] --START--
INFO: Run Behavior\ShowPageTraceBehavior [ RunTime:0.001000s ]
INFO: [ app_end ] --END-- [ RunTime:0.001000s ]

[ 2016-11-24T14:52:03+08:00 ] ::1 /book/index.php/Home/Index/search.html
INFO: [ app_begin ] --START--
INFO: Run Behavior\ReadHtmlCacheBehavior [ RunTime:0.001000s ]
INFO: [ app_begin ] --END-- [ RunTime:0.001000s ]
SQL: SHOW COLUMNS FROM `bk_book` [ RunTime:0.0010s ]
SQL: SELECT `bookname`,`id` FROM `bk_book` WHERE `bookname` LIKE '%我%' LIMIT 5   [ RunTime:0.0000s ]
INFO: [ app_end ] --START--
INFO: Run Behavior\ShowPageTraceBehavior [ RunTime:0.001000s ]
INFO: [ app_end ] --END-- [ RunTime:0.001000s ]

[ 2016-11-24T14:52:05+08:00 ] ::1 /book/index.php/Home/Index/search.html
INFO: [ app_begin ] --START--
INFO: Run Behavior\ReadHtmlCacheBehavior [ RunTime:0.002000s ]
INFO: [ app_begin ] --END-- [ RunTime:0.002000s ]
SQL: SHOW COLUMNS FROM `bk_book` [ RunTime:0.0010s ]
SQL: SELECT `bookname`,`id` FROM `bk_book` WHERE `bookname` LIKE '%我%' LIMIT 5   [ RunTime:0.0000s ]
INFO: [ app_end ] --START--
INFO: Run Behavior\ShowPageTraceBehavior [ RunTime:0.001000s ]
INFO: [ app_end ] --END-- [ RunTime:0.001000s ]

[ 2016-11-24T14:52:05+08:00 ] ::1 /book/index.php/Home/Index/search.html
INFO: [ app_begin ] --START--
INFO: Run Behavior\ReadHtmlCacheBehavior [ RunTime:0.001000s ]
INFO: [ app_begin ] --END-- [ RunTime:0.001000s ]
SQL: SHOW COLUMNS FROM `bk_book` [ RunTime:0.0010s ]
SQL: SELECT `bookname`,`id` FROM `bk_book` WHERE `bookname` LIKE '%我%' LIMIT 5   [ RunTime:0.0000s ]
INFO: [ app_end ] --START--
INFO: Run Behavior\ShowPageTraceBehavior [ RunTime:0.000000s ]
INFO: [ app_end ] --END-- [ RunTime:0.000000s ]

[ 2016-11-24T14:52:05+08:00 ] ::1 /book/index.php/Home/Index/search.html
INFO: [ app_begin ] --START--
INFO: Run Behavior\ReadHtmlCacheBehavior [ RunTime:0.001000s ]
INFO: [ app_begin ] --END-- [ RunTime:0.001000s ]
SQL: SHOW COLUMNS FROM `bk_book` [ RunTime:0.0010s ]
SQL: SELECT `bookname`,`id` FROM `bk_book` WHERE `bookname` LIKE '%我%' LIMIT 5   [ RunTime:0.0000s ]
INFO: [ app_end ] --START--
INFO: Run Behavior\ShowPageTraceBehavior [ RunTime:0.001000s ]
INFO: [ app_end ] --END-- [ RunTime:0.001000s ]

[ 2016-11-24T14:52:05+08:00 ] ::1 /book/index.php/Home/Index/search.html
INFO: [ app_begin ] --START--
INFO: Run Behavior\ReadHtmlCacheBehavior [ RunTime:0.000000s ]
INFO: [ app_begin ] --END-- [ RunTime:0.001000s ]
SQL: SHOW COLUMNS FROM `bk_book` [ RunTime:0.0010s ]
SQL: SELECT `bookname`,`id` FROM `bk_book` WHERE `bookname` LIKE '%我%' LIMIT 5   [ RunTime:0.0010s ]
INFO: [ app_end ] --START--
INFO: Run Behavior\ShowPageTraceBehavior [ RunTime:0.001000s ]
INFO: [ app_end ] --END-- [ RunTime:0.001000s ]

[ 2016-11-24T14:52:05+08:00 ] ::1 /book/index.php/Home/Index/search.html
INFO: [ app_begin ] --START--
INFO: Run Behavior\ReadHtmlCacheBehavior [ RunTime:0.000000s ]
INFO: [ app_begin ] --END-- [ RunTime:0.001000s ]
SQL: SHOW COLUMNS FROM `bk_book` [ RunTime:0.0010s ]
SQL: SELECT `bookname`,`id` FROM `bk_book` WHERE `bookname` LIKE '%我%' LIMIT 5   [ RunTime:0.0000s ]
INFO: [ app_end ] --START--
INFO: Run Behavior\ShowPageTraceBehavior [ RunTime:0.000000s ]
INFO: [ app_end ] --END-- [ RunTime:0.001000s ]

[ 2016-11-24T14:52:06+08:00 ] ::1 /book/index.php/Home/Index/search.html
INFO: [ app_begin ] --START--
INFO: Run Behavior\ReadHtmlCacheBehavior [ RunTime:0.002000s ]
INFO: [ app_begin ] --END-- [ RunTime:0.002000s ]
SQL: SHOW COLUMNS FROM `bk_book` [ RunTime:0.0010s ]
SQL: SELECT `bookname`,`id` FROM `bk_book` WHERE `bookname` LIKE '%我%' LIMIT 5   [ RunTime:0.0010s ]
INFO: [ app_end ] --START--
INFO: Run Behavior\ShowPageTraceBehavior [ RunTime:0.001000s ]
INFO: [ app_end ] --END-- [ RunTime:0.001000s ]

[ 2016-11-24T14:52:06+08:00 ] ::1 /book/index.php/Home/Index/search.html
INFO: [ app_begin ] --START--
INFO: Run Behavior\ReadHtmlCacheBehavior [ RunTime:0.001000s ]
INFO: [ app_begin ] --END-- [ RunTime:0.001000s ]
SQL: SHOW COLUMNS FROM `bk_book` [ RunTime:0.0010s ]
SQL: SELECT `bookname`,`id` FROM `bk_book` WHERE `bookname` LIKE '%我%' LIMIT 5   [ RunTime:0.0000s ]
INFO: [ app_end ] --START--
INFO: Run Behavior\ShowPageTraceBehavior [ RunTime:0.001000s ]
INFO: [ app_end ] --END-- [ RunTime:0.001000s ]

[ 2016-11-24T14:52:06+08:00 ] ::1 /book/index.php/Home/Index/search.html
INFO: [ app_begin ] --START--
INFO: Run Behavior\ReadHtmlCacheBehavior [ RunTime:0.000000s ]
INFO: [ app_begin ] --END-- [ RunTime:0.001000s ]
SQL: SHOW COLUMNS FROM `bk_book` [ RunTime:0.0010s ]
SQL: SELECT `bookname`,`id` FROM `bk_book` WHERE `bookname` LIKE '%我%' LIMIT 5   [ RunTime:0.0000s ]
INFO: [ app_end ] --START--
INFO: Run Behavior\ShowPageTraceBehavior [ RunTime:0.001000s ]
INFO: [ app_end ] --END-- [ RunTime:0.001000s ]

[ 2016-11-24T14:52:07+08:00 ] ::1 /book/index.php/Home/Index/search.html
INFO: [ app_begin ] --START--
INFO: Run Behavior\ReadHtmlCacheBehavior [ RunTime:0.000000s ]
INFO: [ app_begin ] --END-- [ RunTime:0.002001s ]
SQL: SHOW COLUMNS FROM `bk_book` [ RunTime:0.0000s ]
SQL: SELECT `bookname`,`id` FROM `bk_book` WHERE `bookname` LIKE '%我%' LIMIT 5   [ RunTime:0.0010s ]
INFO: [ app_end ] --START--
INFO: Run Behavior\ShowPageTraceBehavior [ RunTime:0.001000s ]
INFO: [ app_end ] --END-- [ RunTime:0.001000s ]

[ 2016-11-24T14:52:07+08:00 ] ::1 /book/index.php/Home/Index/search.html
INFO: [ app_begin ] --START--
INFO: Run Behavior\ReadHtmlCacheBehavior [ RunTime:0.001000s ]
INFO: [ app_begin ] --END-- [ RunTime:0.001000s ]
SQL: SHOW COLUMNS FROM `bk_book` [ RunTime:0.0010s ]
SQL: SELECT `bookname`,`id` FROM `bk_book` WHERE `bookname` LIKE '%我%' LIMIT 5   [ RunTime:0.0000s ]
INFO: [ app_end ] --START--
INFO: Run Behavior\ShowPageTraceBehavior [ RunTime:0.001000s ]
INFO: [ app_end ] --END-- [ RunTime:0.001000s ]

[ 2016-11-24T14:52:07+08:00 ] ::1 /book/index.php/Home/Index/search.html
INFO: [ app_begin ] --START--
INFO: Run Behavior\ReadHtmlCacheBehavior [ RunTime:0.000000s ]
INFO: [ app_begin ] --END-- [ RunTime:0.001000s ]
SQL: SHOW COLUMNS FROM `bk_book` [ RunTime:0.0010s ]
SQL: SELECT `bookname`,`id` FROM `bk_book` WHERE `bookname` LIKE '%我%' LIMIT 5   [ RunTime:0.0000s ]
INFO: [ app_end ] --START--
INFO: Run Behavior\ShowPageTraceBehavior [ RunTime:0.001000s ]
INFO: [ app_end ] --END-- [ RunTime:0.001000s ]

[ 2016-11-24T14:52:07+08:00 ] ::1 /book/index.php/Home/Index/search.html
INFO: [ app_begin ] --START--
INFO: Run Behavior\ReadHtmlCacheBehavior [ RunTime:0.000000s ]
INFO: [ app_begin ] --END-- [ RunTime:0.001000s ]
SQL: SHOW COLUMNS FROM `bk_book` [ RunTime:0.0010s ]
SQL: SELECT `bookname`,`id` FROM `bk_book` WHERE `bookname` LIKE '%我%' LIMIT 5   [ RunTime:0.0000s ]
INFO: [ app_end ] --START--
INFO: Run Behavior\ShowPageTraceBehavior [ RunTime:0.001000s ]
INFO: [ app_end ] --END-- [ RunTime:0.001000s ]

[ 2016-11-24T14:52:07+08:00 ] ::1 /book/index.php/Home/Index/search.html
INFO: [ app_begin ] --START--
INFO: Run Behavior\ReadHtmlCacheBehavior [ RunTime:0.000000s ]
INFO: [ app_begin ] --END-- [ RunTime:0.001000s ]
SQL: SHOW COLUMNS FROM `bk_book` [ RunTime:0.0010s ]
SQL: SELECT `bookname`,`id` FROM `bk_book` WHERE `bookname` LIKE '%我%' LIMIT 5   [ RunTime:0.0010s ]
INFO: [ app_end ] --START--
INFO: Run Behavior\ShowPageTraceBehavior [ RunTime:0.001000s ]
INFO: [ app_end ] --END-- [ RunTime:0.001000s ]

[ 2016-11-24T14:52:07+08:00 ] ::1 /book/index.php/Home/Index/search.html
INFO: [ app_begin ] --START--
INFO: Run Behavior\ReadHtmlCacheBehavior [ RunTime:0.001000s ]
INFO: [ app_begin ] --END-- [ RunTime:0.001000s ]
SQL: SHOW COLUMNS FROM `bk_book` [ RunTime:0.0010s ]
SQL: SELECT `bookname`,`id` FROM `bk_book` WHERE `bookname` LIKE '%我%' LIMIT 5   [ RunTime:0.0000s ]
INFO: [ app_end ] --START--
INFO: Run Behavior\ShowPageTraceBehavior [ RunTime:0.001000s ]
INFO: [ app_end ] --END-- [ RunTime:0.002000s ]

[ 2016-11-24T14:52:08+08:00 ] ::1 /book/index.php/Home/Index/search.html
INFO: [ app_begin ] --START--
INFO: Run Behavior\ReadHtmlCacheBehavior [ RunTime:0.001000s ]
INFO: [ app_begin ] --END-- [ RunTime:0.002000s ]
SQL: SHOW COLUMNS FROM `bk_book` [ RunTime:0.0000s ]
SQL: SELECT `bookname`,`id` FROM `bk_book` WHERE `bookname` LIKE '%我%' LIMIT 5   [ RunTime:0.0010s ]
INFO: [ app_end ] --START--
INFO: Run Behavior\ShowPageTraceBehavior [ RunTime:0.001000s ]
INFO: [ app_end ] --END-- [ RunTime:0.001000s ]

[ 2016-11-24T14:52:08+08:00 ] ::1 /book/index.php/Home/Index/search.html
INFO: [ app_begin ] --START--
INFO: Run Behavior\ReadHtmlCacheBehavior [ RunTime:0.001000s ]
INFO: [ app_begin ] --END-- [ RunTime:0.002000s ]
SQL: SHOW COLUMNS FROM `bk_book` [ RunTime:0.0010s ]
SQL: SELECT `bookname`,`id` FROM `bk_book` WHERE `bookname` LIKE '%我%' LIMIT 5   [ RunTime:0.0010s ]
INFO: [ app_end ] --START--
INFO: Run Behavior\ShowPageTraceBehavior [ RunTime:0.001000s ]
INFO: [ app_end ] --END-- [ RunTime:0.001000s ]

[ 2016-11-24T14:52:08+08:00 ] ::1 /book/index.php/Home/Index/search.html
INFO: [ app_begin ] --START--
INFO: Run Behavior\ReadHtmlCacheBehavior [ RunTime:0.001000s ]
INFO: [ app_begin ] --END-- [ RunTime:0.001000s ]
SQL: SHOW COLUMNS FROM `bk_book` [ RunTime:0.0010s ]
SQL: SELECT `bookname`,`id` FROM `bk_book` WHERE `bookname` LIKE '%我%' LIMIT 5   [ RunTime:0.0000s ]
INFO: [ app_end ] --START--
INFO: Run Behavior\ShowPageTraceBehavior [ RunTime:0.001000s ]
INFO: [ app_end ] --END-- [ RunTime:0.001000s ]

[ 2016-11-24T14:52:08+08:00 ] ::1 /book/index.php/Home/Index/search.html
INFO: [ app_begin ] --START--
INFO: Run Behavior\ReadHtmlCacheBehavior [ RunTime:0.000000s ]
INFO: [ app_begin ] --END-- [ RunTime:0.003000s ]
SQL: SHOW COLUMNS FROM `bk_book` [ RunTime:0.0010s ]
SQL: SELECT `bookname`,`id` FROM `bk_book` WHERE `bookname` LIKE '%我%' LIMIT 5   [ RunTime:0.0010s ]
INFO: [ app_end ] --START--
INFO: Run Behavior\ShowPageTraceBehavior [ RunTime:0.001000s ]
INFO: [ app_end ] --END-- [ RunTime:0.001000s ]

[ 2016-11-24T14:52:10+08:00 ] ::1 /book/index.php/Home/Index/search.html
INFO: [ app_begin ] --START--
INFO: Run Behavior\ReadHtmlCacheBehavior [ RunTime:0.000000s ]
INFO: [ app_begin ] --END-- [ RunTime:0.001000s ]
SQL: SHOW COLUMNS FROM `bk_book` [ RunTime:0.0010s ]
SQL: SELECT `bookname`,`id` FROM `bk_book` WHERE `bookname` LIKE '%我%' LIMIT 5   [ RunTime:0.0000s ]
INFO: [ app_end ] --START--
INFO: Run Behavior\ShowPageTraceBehavior [ RunTime:0.000000s ]
INFO: [ app_end ] --END-- [ RunTime:0.001000s ]

[ 2016-11-24T14:52:10+08:00 ] ::1 /book/index.php/Home/Index/search.html
INFO: [ app_begin ] --START--
INFO: Run Behavior\ReadHtmlCacheBehavior [ RunTime:0.001000s ]
INFO: [ app_begin ] --END-- [ RunTime:0.001000s ]
SQL: SHOW COLUMNS FROM `bk_book` [ RunTime:0.0010s ]
SQL: SELECT `bookname`,`id` FROM `bk_book` WHERE `bookname` LIKE '%我%' LIMIT 5   [ RunTime:0.0010s ]
INFO: [ app_end ] --START--
INFO: Run Behavior\ShowPageTraceBehavior [ RunTime:0.001000s ]
INFO: [ app_end ] --END-- [ RunTime:0.001000s ]

[ 2016-11-24T14:52:10+08:00 ] ::1 /book/index.php/Home/Index/search.html
INFO: [ app_begin ] --START--
INFO: Run Behavior\ReadHtmlCacheBehavior [ RunTime:0.000000s ]
INFO: [ app_begin ] --END-- [ RunTime:0.001000s ]
SQL: SHOW COLUMNS FROM `bk_book` [ RunTime:0.0010s ]
SQL: SELECT `bookname`,`id` FROM `bk_book` WHERE `bookname` LIKE '%我%' LIMIT 5   [ RunTime:0.0000s ]
INFO: [ app_end ] --START--
INFO: Run Behavior\ShowPageTraceBehavior [ RunTime:0.000000s ]
INFO: [ app_end ] --END-- [ RunTime:0.000000s ]

[ 2016-11-24T14:52:10+08:00 ] ::1 /book/index.php/Home/Index/search.html
INFO: [ app_begin ] --START--
INFO: Run Behavior\ReadHtmlCacheBehavior [ RunTime:0.001000s ]
INFO: [ app_begin ] --END-- [ RunTime:0.001000s ]
SQL: SHOW COLUMNS FROM `bk_book` [ RunTime:0.0010s ]
SQL: SELECT `bookname`,`id` FROM `bk_book` WHERE `bookname` LIKE '%我%' LIMIT 5   [ RunTime:0.0000s ]
INFO: [ app_end ] --START--
INFO: Run Behavior\ShowPageTraceBehavior [ RunTime:0.001000s ]
INFO: [ app_end ] --END-- [ RunTime:0.001000s ]

[ 2016-11-24T14:52:11+08:00 ] ::1 /book/index.php/Home/Index/search.html
INFO: [ app_begin ] --START--
INFO: Run Behavior\ReadHtmlCacheBehavior [ RunTime:0.001000s ]
INFO: [ app_begin ] --END-- [ RunTime:0.001000s ]
SQL: SHOW COLUMNS FROM `bk_book` [ RunTime:0.0010s ]
SQL: SELECT `bookname`,`id` FROM `bk_book` WHERE `bookname` LIKE '%我%' LIMIT 5   [ RunTime:0.0000s ]
INFO: [ app_end ] --START--
INFO: Run Behavior\ShowPageTraceBehavior [ RunTime:0.000000s ]
INFO: [ app_end ] --END-- [ RunTime:0.002000s ]

[ 2016-11-24T14:52:11+08:00 ] ::1 /book/index.php/Home/Index/search.html
INFO: [ app_begin ] --START--
INFO: Run Behavior\ReadHtmlCacheBehavior [ RunTime:0.001000s ]
INFO: [ app_begin ] --END-- [ RunTime:0.002000s ]
SQL: SHOW COLUMNS FROM `bk_book` [ RunTime:0.0010s ]
SQL: SELECT `bookname`,`id` FROM `bk_book` WHERE `bookname` LIKE '%我%' LIMIT 5   [ RunTime:0.0010s ]
INFO: [ app_end ] --START--
INFO: Run Behavior\ShowPageTraceBehavior [ RunTime:0.001000s ]
INFO: [ app_end ] --END-- [ RunTime:0.001000s ]

[ 2016-11-24T14:52:12+08:00 ] ::1 /book/index.php/Home/Index/search.html
INFO: [ app_begin ] --START--
INFO: Run Behavior\ReadHtmlCacheBehavior [ RunTime:0.001000s ]
INFO: [ app_begin ] --END-- [ RunTime:0.002000s ]
SQL: SHOW COLUMNS FROM `bk_book` [ RunTime:0.0010s ]
SQL: SELECT `bookname`,`id` FROM `bk_book` WHERE `bookname` LIKE '%我%' LIMIT 5   [ RunTime:0.0010s ]
INFO: [ app_end ] --START--
INFO: Run Behavior\ShowPageTraceBehavior [ RunTime:0.001000s ]
INFO: [ app_end ] --END-- [ RunTime:0.001000s ]

[ 2016-11-24T14:52:12+08:00 ] ::1 /book/index.php/Home/Index/search.html
INFO: [ app_begin ] --START--
INFO: Run Behavior\ReadHtmlCacheBehavior [ RunTime:0.001000s ]
INFO: [ app_begin ] --END-- [ RunTime:0.002000s ]
SQL: SHOW COLUMNS FROM `bk_book` [ RunTime:0.0010s ]
SQL: SELECT `bookname`,`id` FROM `bk_book` WHERE `bookname` LIKE '%我%' LIMIT 5   [ RunTime:0.0000s ]
INFO: [ app_end ] --START--
INFO: Run Behavior\ShowPageTraceBehavior [ RunTime:0.000000s ]
INFO: [ app_end ] --END-- [ RunTime:0.000000s ]

[ 2016-11-24T14:52:12+08:00 ] ::1 /book/index.php/Home/Index/search.html
INFO: [ app_begin ] --START--
INFO: Run Behavior\ReadHtmlCacheBehavior [ RunTime:0.001000s ]
INFO: [ app_begin ] --END-- [ RunTime:0.001000s ]
SQL: SHOW COLUMNS FROM `bk_book` [ RunTime:0.0010s ]
SQL: SELECT `bookname`,`id` FROM `bk_book` WHERE `bookname` LIKE '%我%' LIMIT 5   [ RunTime:0.0000s ]
INFO: [ app_end ] --START--
INFO: Run Behavior\ShowPageTraceBehavior [ RunTime:0.000000s ]
INFO: [ app_end ] --END-- [ RunTime:0.001000s ]

[ 2016-11-24T14:52:12+08:00 ] ::1 /book/index.php/Home/Index/search.html
INFO: [ app_begin ] --START--
INFO: Run Behavior\ReadHtmlCacheBehavior [ RunTime:0.001001s ]
INFO: [ app_begin ] --END-- [ RunTime:0.001001s ]
SQL: SHOW COLUMNS FROM `bk_book` [ RunTime:0.0010s ]
SQL: SELECT `bookname`,`id` FROM `bk_book` WHERE `bookname` LIKE '%我%' LIMIT 5   [ RunTime:0.0010s ]
INFO: [ app_end ] --START--
INFO: Run Behavior\ShowPageTraceBehavior [ RunTime:0.001000s ]
INFO: [ app_end ] --END-- [ RunTime:0.001000s ]

[ 2016-11-24T14:52:12+08:00 ] ::1 /book/index.php/Home/Index/search.html
INFO: [ app_begin ] --START--
INFO: Run Behavior\ReadHtmlCacheBehavior [ RunTime:0.001000s ]
INFO: [ app_begin ] --END-- [ RunTime:0.001000s ]
SQL: SHOW COLUMNS FROM `bk_book` [ RunTime:0.0010s ]
SQL: SELECT `bookname`,`id` FROM `bk_book` WHERE `bookname` LIKE '%我%' LIMIT 5   [ RunTime:0.0000s ]
INFO: [ app_end ] --START--
INFO: Run Behavior\ShowPageTraceBehavior [ RunTime:0.001001s ]
INFO: [ app_end ] --END-- [ RunTime:0.001001s ]

[ 2016-11-24T15:03:50+08:00 ] ::1 /book/index.php/Home/Mybook/bookshelf.html
ERR: 模板不存在:./Application/Home/View/Mybook/index.html

[ 2016-11-24T16:21:56+08:00 ] ::1 /book/index.php/Home/Mybook/search.html
INFO: [ app_begin ] --START--
INFO: Run Behavior\ReadHtmlCacheBehavior [ RunTime:0.001000s ]
INFO: [ app_begin ] --END-- [ RunTime:0.001000s ]
INFO: [ app_end ] --START--
INFO: Run Behavior\ShowPageTraceBehavior [ RunTime:0.001000s ]
INFO: [ app_end ] --END-- [ RunTime:0.001000s ]

[ 2016-11-24T16:21:56+08:00 ] ::1 /book/index.php/Home/Mybook/search.html
INFO: [ app_begin ] --START--
INFO: Run Behavior\ReadHtmlCacheBehavior [ RunTime:0.001000s ]
INFO: [ app_begin ] --END-- [ RunTime:0.002000s ]
INFO: [ app_end ] --START--
INFO: Run Behavior\ShowPageTraceBehavior [ RunTime:0.000000s ]
INFO: [ app_end ] --END-- [ RunTime:0.001000s ]

[ 2016-11-24T16:21:57+08:00 ] ::1 /book/index.php/Home/Mybook/search.html
INFO: [ app_begin ] --START--
INFO: Run Behavior\ReadHtmlCacheBehavior [ RunTime:0.001000s ]
INFO: [ app_begin ] --END-- [ RunTime:0.002000s ]
INFO: [ app_end ] --START--
INFO: Run Behavior\ShowPageTraceBehavior [ RunTime:0.001000s ]
INFO: [ app_end ] --END-- [ RunTime:0.001000s ]

[ 2016-11-24T16:21:57+08:00 ] ::1 /book/index.php/Home/Mybook/search.html
INFO: [ app_begin ] --START--
INFO: Run Behavior\ReadHtmlCacheBehavior [ RunTime:0.001000s ]
INFO: [ app_begin ] --END-- [ RunTime:0.001000s ]
INFO: [ app_end ] --START--
INFO: Run Behavior\ShowPageTraceBehavior [ RunTime:0.001000s ]
INFO: [ app_end ] --END-- [ RunTime:0.001000s ]

[ 2016-11-24T16:21:58+08:00 ] ::1 /book/index.php/Home/Mybook/search.html
INFO: [ app_begin ] --START--
INFO: Run Behavior\ReadHtmlCacheBehavior [ RunTime:0.001001s ]
INFO: [ app_begin ] --END-- [ RunTime:0.001001s ]
INFO: [ app_end ] --START--
INFO: Run Behavior\ShowPageTraceBehavior [ RunTime:0.001001s ]
INFO: [ app_end ] --END-- [ RunTime:0.001001s ]

[ 2016-11-24T16:21:58+08:00 ] ::1 /book/index.php/Home/Mybook/search.html
INFO: [ app_begin ] --START--
INFO: Run Behavior\ReadHtmlCacheBehavior [ RunTime:0.001000s ]
INFO: [ app_begin ] --END-- [ RunTime:0.001000s ]
INFO: [ app_end ] --START--
INFO: Run Behavior\ShowPageTraceBehavior [ RunTime:0.001000s ]
INFO: [ app_end ] --END-- [ RunTime:0.001000s ]

[ 2016-11-24T16:21:58+08:00 ] ::1 /book/index.php/Home/Mybook/search.html
INFO: [ app_begin ] --START--
INFO: Run Behavior\ReadHtmlCacheBehavior [ RunTime:0.000000s ]
INFO: [ app_begin ] --END-- [ RunTime:0.001000s ]
INFO: [ app_end ] --START--
INFO: Run Behavior\ShowPageTraceBehavior [ RunTime:0.001000s ]
INFO: [ app_end ] --END-- [ RunTime:0.001000s ]

