[ 2016-11-23T10:22:23+08:00 ] 192.168.20.25 /book11-15/Public/js/commond.js
ERR: 无法加载模块:Public

[ 2016-11-23T10:22:23+08:00 ] 192.168.20.25 /book11-15/Public/js/jquery.mind.js
ERR: 无法加载模块:Public

[ 2016-11-23T10:22:23+08:00 ] 192.168.20.25 /book11-15/Public/public/images/Home/Login/logo_bg.jpg
ERR: 无法加载模块:Public

[ 2016-11-23T10:22:23+08:00 ] 192.168.20.25 /book11-15/Public/js/commond.js
ERR: 无法加载模块:Public

[ 2016-11-23T10:37:13+08:00 ] 192.168.20.25 /book11-15/Public/js/jquery.mind.js
ERR: 无法加载模块:Public

[ 2016-11-23T10:37:13+08:00 ] 192.168.20.25 /book11-15/Public/js/commond.js
ERR: 无法加载模块:Public

[ 2016-11-23T10:37:13+08:00 ] 192.168.20.25 /book11-15/Public/public/images/Home/Login/logo_bg.jpg
ERR: 无法加载模块:Public

[ 2016-11-23T10:39:04+08:00 ] ::1 /book11-15/Public/font/sing-webfont.woff
ERR: 无法加载模块:Public

[ 2016-11-23T10:39:04+08:00 ] ::1 /book11-15/Public/font/sing-webfont.ttf
ERR: 无法加载模块:Public

[ 2016-11-23T11:04:18+08:00 ] ::1 /book11-15/Public/font/sing-webfont.woff
ERR: 无法加载模块:Public

[ 2016-11-23T11:04:18+08:00 ] ::1 /book11-15/Public/font/sing-webfont.ttf
ERR: 无法加载模块:Public

[ 2016-11-23T11:06:17+08:00 ] ::1 /book11-15/Public/js/jquery.mind.js
ERR: 无法加载模块:Public

[ 2016-11-23T11:06:17+08:00 ] ::1 /book11-15/Public/js/commond.js
ERR: 无法加载模块:Public

[ 2016-11-23T11:06:17+08:00 ] ::1 /book11-15/Public/public/images/Home/Login/logo_bg.jpg
ERR: 无法加载模块:Public

[ 2016-11-23T11:06:24+08:00 ] ::1 /book11-15/index.php/NAN
ERR: 无法加载模块:NAN

[ 2016-11-23T13:51:18+08:00 ] ::1 /book11-15/Public/js/commond.js
ERR: 无法加载模块:Public

[ 2016-11-23T13:51:18+08:00 ] ::1 /book11-15/Public/js/jquery.mind.js
ERR: 无法加载模块:Public

[ 2016-11-23T13:51:18+08:00 ] ::1 /book11-15/Public/public/images/Home/Login/logo_bg.jpg
ERR: 无法加载模块:Public

[ 2016-11-23T13:56:45+08:00 ] 127.0.0.1 /book11-15/Public/books/Array
ERR: 无法加载模块:Public

[ 2016-11-23T19:26:37+08:00 ] ::1 /book11-15/Public/js/commond.js
ERR: 无法加载模块:Public

[ 2016-11-23T19:26:37+08:00 ] ::1 /book11-15/Public/js/jquery.mind.js
ERR: 无法加载模块:Public

[ 2016-11-23T19:26:37+08:00 ] ::1 /book11-15/Public/public/images/Home/Login/logo_bg.jpg
ERR: 无法加载模块:Public

[ 2016-11-23T19:26:38+08:00 ] ::1 /book11-15/Public/public/images/Home/Login/logo_bg.jpg
ERR: 无法加载模块:Public

[ 2016-11-23T19:27:12+08:00 ] ::1 /book11-15/Public/js/commond.js
ERR: 无法加载模块:Public

[ 2016-11-23T19:27:12+08:00 ] ::1 /book11-15/Public/js/jquery.mind.js
ERR: 无法加载模块:Public

[ 2016-11-23T19:27:12+08:00 ] ::1 /book11-15/Public/public/images/Home/Login/logo_bg.jpg
ERR: 无法加载模块:Public

[ 2016-11-23T19:27:12+08:00 ] ::1 /book11-15/Public/js/commond.js
ERR: 无法加载模块:Public

[ 2016-11-23T20:13:05+08:00 ] ::1 /book11-15/Public/Dist/css/bootstrap.min.css
ERR: 无法加载模块:Public

[ 2016-11-23T20:13:22+08:00 ] ::1 /book11-15/Public/Dist/css/bootstrap.min.css
ERR: 无法加载模块:Public

[ 2016-11-23T20:13:25+08:00 ] ::1 /book11-15/Public/Dist/css/bootstrap.min.css
ERR: 无法加载模块:Public

