[ 2016-11-24T14:40:11+08:00 ] ::1 /book/index.php/Admin/Books/index.html?p=2
INFO: [ app_begin ] --START--
INFO: Run Behavior\ReadHtmlCacheBehavior [ RunTime:0.000000s ]
INFO: [ app_begin ] --END-- [ RunTime:0.001000s ]
SQL: SHOW COLUMNS FROM `bk_type` [ RunTime:0.0010s ]
SQL: SELECT * FROM `bk_type` WHERE ( pid != 0 )  [ RunTime:0.0010s ]
SQL: SHOW COLUMNS FROM `bk_book` [ RunTime:0.0010s ]
SQL: SELECT b.id,b.bookname,b.picname,b.state,b.addtime,t.name FROM bk_book b,bk_type t WHERE (  b.type_id=t.id ) LIMIT 5,5   [ RunTime:0.0000s ]
SQL: SHOW COLUMNS FROM `bk_book` [ RunTime:0.0010s ]
SQL: SELECT COUNT(*) AS tp_count FROM bk_book b,bk_type t WHERE (  b.type_id=t.id ) LIMIT 1   [ RunTime:0.0000s ]
NOTIC: [8] Undefined variable: condition D:\wamp64\www\book\Application\Admin\Controller\BooksController.class.php 第 50 行.
NOTIC: [2] Invalid argument supplied for foreach() D:\wamp64\www\book\Application\Admin\Controller\BooksController.class.php 第 50 行.
INFO: [ view_parse ] --START--
INFO: [ template_filter ] --START--
INFO: Run Behavior\ContentReplaceBehavior [ RunTime:0.000000s ]
INFO: [ template_filter ] --END-- [ RunTime:0.000000s ]
INFO: Run Behavior\ParseTemplateBehavior [ RunTime:0.016001s ]
INFO: [ view_parse ] --END-- [ RunTime:0.017001s ]
INFO: [ view_filter ] --START--
INFO: Run Behavior\WriteHtmlCacheBehavior [ RunTime:0.000000s ]
INFO: [ view_filter ] --END-- [ RunTime:0.000000s ]
INFO: [ app_end ] --START--
INFO: Run Behavior\ShowPageTraceBehavior [ RunTime:0.001000s ]
INFO: [ app_end ] --END-- [ RunTime:0.001000s ]

[ 2016-11-24T14:40:13+08:00 ] ::1 /book/index.php/Admin/Books/index.html?p=3
INFO: [ app_begin ] --START--
INFO: Run Behavior\ReadHtmlCacheBehavior [ RunTime:0.001000s ]
INFO: [ app_begin ] --END-- [ RunTime:0.002001s ]
SQL: SHOW COLUMNS FROM `bk_type` [ RunTime:0.0010s ]
SQL: SELECT * FROM `bk_type` WHERE ( pid != 0 )  [ RunTime:0.0000s ]
SQL: SHOW COLUMNS FROM `bk_book` [ RunTime:0.0010s ]
SQL: SELECT b.id,b.bookname,b.picname,b.state,b.addtime,t.name FROM bk_book b,bk_type t WHERE (  b.type_id=t.id ) LIMIT 10,5   [ RunTime:0.0010s ]
SQL: SHOW COLUMNS FROM `bk_book` [ RunTime:0.0010s ]
SQL: SELECT COUNT(*) AS tp_count FROM bk_book b,bk_type t WHERE (  b.type_id=t.id ) LIMIT 1   [ RunTime:0.0000s ]
NOTIC: [8] Undefined variable: condition D:\wamp64\www\book\Application\Admin\Controller\BooksController.class.php 第 50 行.
NOTIC: [2] Invalid argument supplied for foreach() D:\wamp64\www\book\Application\Admin\Controller\BooksController.class.php 第 50 行.
INFO: [ view_parse ] --START--
INFO: [ template_filter ] --START--
INFO: Run Behavior\ContentReplaceBehavior [ RunTime:0.000000s ]
INFO: [ template_filter ] --END-- [ RunTime:0.000000s ]
INFO: Run Behavior\ParseTemplateBehavior [ RunTime:0.016001s ]
INFO: [ view_parse ] --END-- [ RunTime:0.016001s ]
INFO: [ view_filter ] --START--
INFO: Run Behavior\WriteHtmlCacheBehavior [ RunTime:0.001000s ]
INFO: [ view_filter ] --END-- [ RunTime:0.001000s ]
INFO: [ app_end ] --START--
INFO: Run Behavior\ShowPageTraceBehavior [ RunTime:0.001000s ]
INFO: [ app_end ] --END-- [ RunTime:0.001000s ]

[ 2016-11-24T14:40:15+08:00 ] ::1 /book/index.php/Admin/Books/index.html?p=1
INFO: [ app_begin ] --START--
INFO: Run Behavior\ReadHtmlCacheBehavior [ RunTime:0.001000s ]
INFO: [ app_begin ] --END-- [ RunTime:0.001000s ]
SQL: SHOW COLUMNS FROM `bk_type` [ RunTime:0.0010s ]
SQL: SELECT * FROM `bk_type` WHERE ( pid != 0 )  [ RunTime:0.0000s ]
SQL: SHOW COLUMNS FROM `bk_book` [ RunTime:0.0000s ]
SQL: SELECT b.id,b.bookname,b.picname,b.state,b.addtime,t.name FROM bk_book b,bk_type t WHERE (  b.type_id=t.id ) LIMIT 0,5   [ RunTime:0.0010s ]
SQL: SHOW COLUMNS FROM `bk_book` [ RunTime:0.0000s ]
SQL: SELECT COUNT(*) AS tp_count FROM bk_book b,bk_type t WHERE (  b.type_id=t.id ) LIMIT 1   [ RunTime:0.0000s ]
NOTIC: [8] Undefined variable: condition D:\wamp64\www\book\Application\Admin\Controller\BooksController.class.php 第 50 行.
NOTIC: [2] Invalid argument supplied for foreach() D:\wamp64\www\book\Application\Admin\Controller\BooksController.class.php 第 50 行.
INFO: [ view_parse ] --START--
INFO: [ template_filter ] --START--
INFO: Run Behavior\ContentReplaceBehavior [ RunTime:0.000000s ]
INFO: [ template_filter ] --END-- [ RunTime:0.001000s ]
INFO: Run Behavior\ParseTemplateBehavior [ RunTime:0.016001s ]
INFO: [ view_parse ] --END-- [ RunTime:0.016001s ]
INFO: [ view_filter ] --START--
INFO: Run Behavior\WriteHtmlCacheBehavior [ RunTime:0.001000s ]
INFO: [ view_filter ] --END-- [ RunTime:0.001000s ]
INFO: [ app_end ] --START--
INFO: Run Behavior\ShowPageTraceBehavior [ RunTime:0.001000s ]
INFO: [ app_end ] --END-- [ RunTime:0.001000s ]

[ 2016-11-24T14:40:18+08:00 ] ::1 /book/index.php/Admin/Books/index.html?p=3
INFO: [ app_begin ] --START--
INFO: Run Behavior\ReadHtmlCacheBehavior [ RunTime:0.000000s ]
INFO: [ app_begin ] --END-- [ RunTime:0.002000s ]
SQL: SHOW COLUMNS FROM `bk_type` [ RunTime:0.0010s ]
SQL: SELECT * FROM `bk_type` WHERE ( pid != 0 )  [ RunTime:0.0010s ]
SQL: SHOW COLUMNS FROM `bk_book` [ RunTime:0.0010s ]
SQL: SELECT b.id,b.bookname,b.picname,b.state,b.addtime,t.name FROM bk_book b,bk_type t WHERE (  b.type_id=t.id ) LIMIT 10,5   [ RunTime:0.0000s ]
SQL: SHOW COLUMNS FROM `bk_book` [ RunTime:0.0010s ]
SQL: SELECT COUNT(*) AS tp_count FROM bk_book b,bk_type t WHERE (  b.type_id=t.id ) LIMIT 1   [ RunTime:0.0010s ]
NOTIC: [8] Undefined variable: condition D:\wamp64\www\book\Application\Admin\Controller\BooksController.class.php 第 50 行.
NOTIC: [2] Invalid argument supplied for foreach() D:\wamp64\www\book\Application\Admin\Controller\BooksController.class.php 第 50 行.
INFO: [ view_parse ] --START--
INFO: [ template_filter ] --START--
INFO: Run Behavior\ContentReplaceBehavior [ RunTime:0.001001s ]
INFO: [ template_filter ] --END-- [ RunTime:0.001001s ]
INFO: Run Behavior\ParseTemplateBehavior [ RunTime:0.014001s ]
INFO: [ view_parse ] --END-- [ RunTime:0.014001s ]
INFO: [ view_filter ] --START--
INFO: Run Behavior\WriteHtmlCacheBehavior [ RunTime:0.001000s ]
INFO: [ view_filter ] --END-- [ RunTime:0.001000s ]
INFO: [ app_end ] --START--
INFO: Run Behavior\ShowPageTraceBehavior [ RunTime:0.001000s ]
INFO: [ app_end ] --END-- [ RunTime:0.001000s ]

[ 2016-11-24T14:40:20+08:00 ] ::1 /book/index.php/Admin/Books/index.html?p=1
INFO: [ app_begin ] --START--
INFO: Run Behavior\ReadHtmlCacheBehavior [ RunTime:0.000000s ]
INFO: [ app_begin ] --END-- [ RunTime:0.001000s ]
SQL: SHOW COLUMNS FROM `bk_type` [ RunTime:0.0000s ]
SQL: SELECT * FROM `bk_type` WHERE ( pid != 0 )  [ RunTime:0.0000s ]
SQL: SHOW COLUMNS FROM `bk_book` [ RunTime:0.0000s ]
SQL: SELECT b.id,b.bookname,b.picname,b.state,b.addtime,t.name FROM bk_book b,bk_type t WHERE (  b.type_id=t.id ) LIMIT 0,5   [ RunTime:0.0000s ]
SQL: SHOW COLUMNS FROM `bk_book` [ RunTime:0.0010s ]
SQL: SELECT COUNT(*) AS tp_count FROM bk_book b,bk_type t WHERE (  b.type_id=t.id ) LIMIT 1   [ RunTime:0.0000s ]
NOTIC: [8] Undefined variable: condition D:\wamp64\www\book\Application\Admin\Controller\BooksController.class.php 第 50 行.
NOTIC: [2] Invalid argument supplied for foreach() D:\wamp64\www\book\Application\Admin\Controller\BooksController.class.php 第 50 行.
INFO: [ view_parse ] --START--
INFO: [ template_filter ] --START--
INFO: Run Behavior\ContentReplaceBehavior [ RunTime:0.000000s ]
INFO: [ template_filter ] --END-- [ RunTime:0.000000s ]
INFO: Run Behavior\ParseTemplateBehavior [ RunTime:0.015001s ]
INFO: [ view_parse ] --END-- [ RunTime:0.015001s ]
INFO: [ view_filter ] --START--
INFO: Run Behavior\WriteHtmlCacheBehavior [ RunTime:0.000000s ]
INFO: [ view_filter ] --END-- [ RunTime:0.000000s ]
INFO: [ app_end ] --START--
INFO: Run Behavior\ShowPageTraceBehavior [ RunTime:0.001000s ]
INFO: [ app_end ] --END-- [ RunTime:0.001000s ]

[ 2016-11-24T19:22:20+08:00 ] ::1 /book/index.php/Admin/Logs/index.html?p=2
INFO: [ app_begin ] --START--
INFO: Run Behavior\ReadHtmlCacheBehavior [ RunTime:0.001000s ]
INFO: [ app_begin ] --END-- [ RunTime:0.001000s ]
NOTIC: [8] A session had already been started - ignoring session_start() D:\wamp64\www\book\Application\Admin\Controller\LogsController.class.php 第 4 行.
SQL: SHOW COLUMNS FROM `bk_log` [ RunTime:0.0010s ]
SQL: SELECT l.id,l.ip,l.time,l.browser,l.city,u.username FROM bk_log l,bk_user u WHERE (  l.user_id=u.id ) LIMIT 5,5   [ RunTime:0.0000s ]
SQL: SHOW COLUMNS FROM `bk_log` [ RunTime:0.0010s ]
SQL: SELECT COUNT(*) AS tp_count FROM bk_log l,bk_user u WHERE (  l.user_id=u.id ) LIMIT 1   [ RunTime:0.0000s ]
NOTIC: [8] Undefined variable: condition D:\wamp64\www\book\Application\Admin\Controller\LogsController.class.php 第 35 行.
NOTIC: [2] Invalid argument supplied for foreach() D:\wamp64\www\book\Application\Admin\Controller\LogsController.class.php 第 35 行.
INFO: [ view_parse ] --START--
INFO: [ template_filter ] --START--
INFO: Run Behavior\ContentReplaceBehavior [ RunTime:0.000000s ]
INFO: [ template_filter ] --END-- [ RunTime:0.000000s ]
NOTIC: [8] Undefined variable: title D:\wamp64\www\book\Application\Runtime\Cache\Admin\4f67697a90cd6978a1b9ba7cc3f1ab73.php 第 23 行.
INFO: Run Behavior\ParseTemplateBehavior [ RunTime:0.011000s ]
INFO: [ view_parse ] --END-- [ RunTime:0.012001s ]
INFO: [ view_filter ] --START--
INFO: Run Behavior\WriteHtmlCacheBehavior [ RunTime:0.000000s ]
INFO: [ view_filter ] --END-- [ RunTime:0.000000s ]
INFO: [ app_end ] --START--
INFO: Run Behavior\ShowPageTraceBehavior [ RunTime:0.001000s ]
INFO: [ app_end ] --END-- [ RunTime:0.001000s ]

[ 2016-11-24T19:22:21+08:00 ] ::1 /book/index.php/Admin/Logs/index.html?p=3
INFO: [ app_begin ] --START--
INFO: Run Behavior\ReadHtmlCacheBehavior [ RunTime:0.001000s ]
INFO: [ app_begin ] --END-- [ RunTime:0.001000s ]
NOTIC: [8] A session had already been started - ignoring session_start() D:\wamp64\www\book\Application\Admin\Controller\LogsController.class.php 第 4 行.
SQL: SHOW COLUMNS FROM `bk_log` [ RunTime:0.0010s ]
SQL: SELECT l.id,l.ip,l.time,l.browser,l.city,u.username FROM bk_log l,bk_user u WHERE (  l.user_id=u.id ) LIMIT 10,5   [ RunTime:0.0000s ]
SQL: SHOW COLUMNS FROM `bk_log` [ RunTime:0.0000s ]
SQL: SELECT COUNT(*) AS tp_count FROM bk_log l,bk_user u WHERE (  l.user_id=u.id ) LIMIT 1   [ RunTime:0.0000s ]
NOTIC: [8] Undefined variable: condition D:\wamp64\www\book\Application\Admin\Controller\LogsController.class.php 第 35 行.
NOTIC: [2] Invalid argument supplied for foreach() D:\wamp64\www\book\Application\Admin\Controller\LogsController.class.php 第 35 行.
INFO: [ view_parse ] --START--
INFO: [ template_filter ] --START--
INFO: Run Behavior\ContentReplaceBehavior [ RunTime:0.000000s ]
INFO: [ template_filter ] --END-- [ RunTime:0.000000s ]
NOTIC: [8] Undefined variable: title D:\wamp64\www\book\Application\Runtime\Cache\Admin\4f67697a90cd6978a1b9ba7cc3f1ab73.php 第 23 行.
INFO: Run Behavior\ParseTemplateBehavior [ RunTime:0.012001s ]
INFO: [ view_parse ] --END-- [ RunTime:0.012001s ]
INFO: [ view_filter ] --START--
INFO: Run Behavior\WriteHtmlCacheBehavior [ RunTime:0.000000s ]
INFO: [ view_filter ] --END-- [ RunTime:0.001000s ]
INFO: [ app_end ] --START--
INFO: Run Behavior\ShowPageTraceBehavior [ RunTime:0.001000s ]
INFO: [ app_end ] --END-- [ RunTime:0.001000s ]

[ 2016-11-24T19:22:22+08:00 ] ::1 /book/index.php/Admin/Logs/index.html?p=4
INFO: [ app_begin ] --START--
INFO: Run Behavior\ReadHtmlCacheBehavior [ RunTime:0.000000s ]
INFO: [ app_begin ] --END-- [ RunTime:0.001001s ]
NOTIC: [8] A session had already been started - ignoring session_start() D:\wamp64\www\book\Application\Admin\Controller\LogsController.class.php 第 4 行.
SQL: SHOW COLUMNS FROM `bk_log` [ RunTime:0.0020s ]
SQL: SELECT l.id,l.ip,l.time,l.browser,l.city,u.username FROM bk_log l,bk_user u WHERE (  l.user_id=u.id ) LIMIT 15,5   [ RunTime:0.0010s ]
SQL: SHOW COLUMNS FROM `bk_log` [ RunTime:0.0010s ]
SQL: SELECT COUNT(*) AS tp_count FROM bk_log l,bk_user u WHERE (  l.user_id=u.id ) LIMIT 1   [ RunTime:0.0010s ]
NOTIC: [8] Undefined variable: condition D:\wamp64\www\book\Application\Admin\Controller\LogsController.class.php 第 35 行.
NOTIC: [2] Invalid argument supplied for foreach() D:\wamp64\www\book\Application\Admin\Controller\LogsController.class.php 第 35 行.
INFO: [ view_parse ] --START--
INFO: [ template_filter ] --START--
INFO: Run Behavior\ContentReplaceBehavior [ RunTime:0.000000s ]
INFO: [ template_filter ] --END-- [ RunTime:0.000000s ]
NOTIC: [8] Undefined variable: title D:\wamp64\www\book\Application\Runtime\Cache\Admin\4f67697a90cd6978a1b9ba7cc3f1ab73.php 第 23 行.
INFO: Run Behavior\ParseTemplateBehavior [ RunTime:0.012001s ]
INFO: [ view_parse ] --END-- [ RunTime:0.012001s ]
INFO: [ view_filter ] --START--
INFO: Run Behavior\WriteHtmlCacheBehavior [ RunTime:0.001000s ]
INFO: [ view_filter ] --END-- [ RunTime:0.001000s ]
INFO: [ app_end ] --START--
INFO: Run Behavior\ShowPageTraceBehavior [ RunTime:0.001000s ]
INFO: [ app_end ] --END-- [ RunTime:0.001000s ]

[ 2016-11-24T19:22:23+08:00 ] ::1 /book/index.php/Admin/Logs/index.html?p=1
INFO: [ app_begin ] --START--
INFO: Run Behavior\ReadHtmlCacheBehavior [ RunTime:0.001000s ]
INFO: [ app_begin ] --END-- [ RunTime:0.001000s ]
NOTIC: [8] A session had already been started - ignoring session_start() D:\wamp64\www\book\Application\Admin\Controller\LogsController.class.php 第 4 行.
SQL: SHOW COLUMNS FROM `bk_log` [ RunTime:0.0010s ]
SQL: SELECT l.id,l.ip,l.time,l.browser,l.city,u.username FROM bk_log l,bk_user u WHERE (  l.user_id=u.id ) LIMIT 0,5   [ RunTime:0.0010s ]
SQL: SHOW COLUMNS FROM `bk_log` [ RunTime:0.0000s ]
SQL: SELECT COUNT(*) AS tp_count FROM bk_log l,bk_user u WHERE (  l.user_id=u.id ) LIMIT 1   [ RunTime:0.0000s ]
NOTIC: [8] Undefined variable: condition D:\wamp64\www\book\Application\Admin\Controller\LogsController.class.php 第 35 行.
NOTIC: [2] Invalid argument supplied for foreach() D:\wamp64\www\book\Application\Admin\Controller\LogsController.class.php 第 35 行.
INFO: [ view_parse ] --START--
INFO: [ template_filter ] --START--
INFO: Run Behavior\ContentReplaceBehavior [ RunTime:0.000000s ]
INFO: [ template_filter ] --END-- [ RunTime:0.000000s ]
NOTIC: [8] Undefined variable: title D:\wamp64\www\book\Application\Runtime\Cache\Admin\4f67697a90cd6978a1b9ba7cc3f1ab73.php 第 23 行.
INFO: Run Behavior\ParseTemplateBehavior [ RunTime:0.012001s ]
INFO: [ view_parse ] --END-- [ RunTime:0.012001s ]
INFO: [ view_filter ] --START--
INFO: Run Behavior\WriteHtmlCacheBehavior [ RunTime:0.000000s ]
INFO: [ view_filter ] --END-- [ RunTime:0.000000s ]
INFO: [ app_end ] --START--
INFO: Run Behavior\ShowPageTraceBehavior [ RunTime:0.000000s ]
INFO: [ app_end ] --END-- [ RunTime:0.001000s ]

